<?xml version="1.0" encoding="UTF-8"?>
<testsuite name="CinemaTests" tests="1" skipped="0" failures="1" errors="0" timestamp="2021-07-12T23:21:08" hostname="VLAD" time="0.174">
  <properties/>
  <testcase name="start" classname="CinemaTests" time="0.174">
    <failure message="java.lang.AssertionError: Wrong answer in test #4&#10;&#10;Looks like you miscalculated the ticket price. Can't find '$8' in your output.&#10;&#10;Please find below the output of your program during this failed test.&#10;Note that the '&gt;' character indicates the beginning of the input line.&#10;&#10;---&#10;&#10;Enter the number of rows: &#10;&gt; 9&#10;Enter the number of seats in each row: &#10;&gt; 9&#10;&#10;1. Show the seats&#10;2. Buy a ticket&#10;0. Exit&#10;&gt; 2&#10;&#10;Enter a row number: &#10;&gt; 1&#10;Enter a seat number in that row: &#10;&gt; 1&#10;Ticket price: $10&#10;&#10;1. Show the seats&#10;2. Buy a ticket&#10;0. Exit&#10;&gt; 2&#10;&#10;Enter a row number: &#10;&gt; 4&#10;Enter a seat number in that row: &#10;&gt; 5&#10;Ticket price: $10&#10;&#10;1. Show the seats&#10;2. Buy a ticket&#10;0. Exit&#10;&gt; 1&#10;&#10;Cinema: &#10;  1 2 3 4 5 6 7 8 9 &#10;1 B S S S S S S S S &#10;2 S S S S S S S S S &#10;3 S S S S S S S S S &#10;4 S S S S B S S S S &#10;5 S S S S S S S S S &#10;6 S S S S S S S S S &#10;7 S S S S S S S S S &#10;8 S S S S S S S S S &#10;9 S S S S S S S S S &#10;&#10;1. Show the seats&#10;2. Buy a ticket&#10;0. Exit&#10;&gt; 2&#10;&#10;Enter a row number: &#10;&gt; 5&#10;Enter a seat number in that row: &#10;&gt; 5&#10;Ticket price: $10&#10;&#10;1. Show the seats&#10;2. Buy a ticket&#10;0. Exit&#10;&gt; 1&#10;&#10;Cinema: &#10;  1 2 3 4 5 6 7 8 9 &#10;1 B S S S S S S S S &#10;2 S S S S S S S S S &#10;3 S S S S S S S S S &#10;4 S S S S B S S S S &#10;5 S S S S B S S S S &#10;6 S S S S S S S S S &#10;7 S S S S S S S S S &#10;8 S S S S S S S S S &#10;9 S S S S S S S S S &#10;&#10;1. Show the seats&#10;2. Buy a ticket&#10;0. Exit" type="java.lang.AssertionError">java.lang.AssertionError: Wrong answer in test #4

Looks like you miscalculated the ticket price. Can't find '$8' in your output.

Please find below the output of your program during this failed test.
Note that the '&gt;' character indicates the beginning of the input line.

---

Enter the number of rows: 
&gt; 9
Enter the number of seats in each row: 
&gt; 9

1. Show the seats
2. Buy a ticket
0. Exit
&gt; 2

Enter a row number: 
&gt; 1
Enter a seat number in that row: 
&gt; 1
Ticket price: $10

1. Show the seats
2. Buy a ticket
0. Exit
&gt; 2

Enter a row number: 
&gt; 4
Enter a seat number in that row: 
&gt; 5
Ticket price: $10

1. Show the seats
2. Buy a ticket
0. Exit
&gt; 1

Cinema: 
  1 2 3 4 5 6 7 8 9 
1 B S S S S S S S S 
2 S S S S S S S S S 
3 S S S S S S S S S 
4 S S S S B S S S S 
5 S S S S S S S S S 
6 S S S S S S S S S 
7 S S S S S S S S S 
8 S S S S S S S S S 
9 S S S S S S S S S 

1. Show the seats
2. Buy a ticket
0. Exit
&gt; 2

Enter a row number: 
&gt; 5
Enter a seat number in that row: 
&gt; 5
Ticket price: $10

1. Show the seats
2. Buy a ticket
0. Exit
&gt; 1

Cinema: 
  1 2 3 4 5 6 7 8 9 
1 B S S S S S S S S 
2 S S S S S S S S S 
3 S S S S S S S S S 
4 S S S S B S S S S 
5 S S S S B S S S S 
6 S S S S S S S S S 
7 S S S S S S S S S 
8 S S S S S S S S S 
9 S S S S S S S S S 

1. Show the seats
2. Buy a ticket
0. Exit
	at org.junit.Assert.fail(Assert.java:88)
	at org.hyperskill.hstest.stage.StageTest.start(StageTest.java:141)
	at java.base/jdk.internal.reflect.NativeMethodAccessorImpl.invoke0(Native Method)
	at java.base/jdk.internal.reflect.NativeMethodAccessorImpl.invoke(NativeMethodAccessorImpl.java:62)
	at java.base/jdk.internal.reflect.DelegatingMethodAccessorImpl.invoke(DelegatingMethodAccessorImpl.java:43)
	at java.base/java.lang.reflect.Method.invoke(Method.java:566)
	at org.junit.runners.model.FrameworkMethod$1.runReflectiveCall(FrameworkMethod.java:50)
	at org.junit.internal.runners.model.ReflectiveCallable.run(ReflectiveCallable.java:12)
	at org.junit.runners.model.FrameworkMethod.invokeExplosively(FrameworkMethod.java:47)
	at org.junit.internal.runners.statements.InvokeMethod.evaluate(InvokeMethod.java:17)
	at org.junit.runners.ParentRunner.runLeaf(ParentRunner.java:325)
	at org.junit.runners.BlockJUnit4ClassRunner.runChild(BlockJUnit4ClassRunner.java:78)
	at org.junit.runners.BlockJUnit4ClassRunner.runChild(BlockJUnit4ClassRunner.java:57)
	at org.junit.runners.ParentRunner$3.run(ParentRunner.java:290)
	at org.junit.runners.ParentRunner$1.schedule(ParentRunner.java:71)
	at org.junit.runners.ParentRunner.runChildren(ParentRunner.java:288)
	at org.junit.runners.ParentRunner.access$000(ParentRunner.java:58)
	at org.junit.runners.ParentRunner$2.evaluate(ParentRunner.java:268)
	at org.junit.runners.ParentRunner.run(ParentRunner.java:363)
	at org.gradle.api.internal.tasks.testing.junit.JUnitTestClassExecutor.runTestClass(JUnitTestClassExecutor.java:110)
	at org.gradle.api.internal.tasks.testing.junit.JUnitTestClassExecutor.execute(JUnitTestClassExecutor.java:58)
	at org.gradle.api.internal.tasks.testing.junit.JUnitTestClassExecutor.execute(JUnitTestClassExecutor.java:38)
	at org.gradle.api.internal.tasks.testing.junit.AbstractJUnitTestClassProcessor.processTestClass(AbstractJUnitTestClassProcessor.java:62)
	at org.gradle.api.internal.tasks.testing.SuiteTestClassProcessor.processTestClass(SuiteTestClassProcessor.java:51)
	at java.base/jdk.internal.reflect.NativeMethodAccessorImpl.invoke0(Native Method)
	at java.base/jdk.internal.reflect.NativeMethodAccessorImpl.invoke(NativeMethodAccessorImpl.java:62)
	at java.base/jdk.internal.reflect.DelegatingMethodAccessorImpl.invoke(DelegatingMethodAccessorImpl.java:43)
	at java.base/java.lang.reflect.Method.invoke(Method.java:566)
	at org.gradle.internal.dispatch.ReflectionDispatch.dispatch(ReflectionDispatch.java:36)
	at org.gradle.internal.dispatch.ReflectionDispatch.dispatch(ReflectionDispatch.java:24)
	at org.gradle.internal.dispatch.ContextClassLoaderDispatch.dispatch(ContextClassLoaderDispatch.java:33)
	at org.gradle.internal.dispatch.ProxyDispatchAdapter$DispatchingInvocationHandler.invoke(ProxyDispatchAdapter.java:94)
	at com.sun.proxy.$Proxy2.processTestClass(Unknown Source)
	at org.gradle.api.internal.tasks.testing.worker.TestWorker.processTestClass(TestWorker.java:119)
	at java.base/jdk.internal.reflect.NativeMethodAccessorImpl.invoke0(Native Method)
	at java.base/jdk.internal.reflect.NativeMethodAccessorImpl.invoke(NativeMethodAccessorImpl.java:62)
	at java.base/jdk.internal.reflect.DelegatingMethodAccessorImpl.invoke(DelegatingMethodAccessorImpl.java:43)
	at java.base/java.lang.reflect.Method.invoke(Method.java:566)
	at org.gradle.internal.dispatch.ReflectionDispatch.dispatch(ReflectionDispatch.java:36)
	at org.gradle.internal.dispatch.ReflectionDispatch.dispatch(ReflectionDispatch.java:24)
	at org.gradle.internal.remote.internal.hub.MessageHubBackedObjectConnection$DispatchWrapper.dispatch(MessageHubBackedObjectConnection.java:182)
	at org.gradle.internal.remote.internal.hub.MessageHubBackedObjectConnection$DispatchWrapper.dispatch(MessageHubBackedObjectConnection.java:164)
	at org.gradle.internal.remote.internal.hub.MessageHub$Handler.run(MessageHub.java:414)
	at org.gradle.internal.concurrent.ExecutorPolicy$CatchAndRecordFailures.onExecute(ExecutorPolicy.java:64)
	at org.gradle.internal.concurrent.ManagedExecutorImpl$1.run(ManagedExecutorImpl.java:48)
	at java.base/java.util.concurrent.ThreadPoolExecutor.runWorker(ThreadPoolExecutor.java:1128)
	at java.base/java.util.concurrent.ThreadPoolExecutor$Worker.run(ThreadPoolExecutor.java:628)
	at org.gradle.internal.concurrent.ThreadFactoryImpl$ManagedThreadRunnable.run(ThreadFactoryImpl.java:56)
	at java.base/java.lang.Thread.run(Thread.java:834)
</failure>
  </testcase>
  <system-out><![CDATA[?[1;31m
Start test 1?[0m
Enter the number of rows: 
> 7
Enter the number of seats in each row: 
> 8

1. Show the seats
2. Buy a ticket
0. Exit
> 0
?[1;31m
Start test 2?[0m
Enter the number of rows: 
> 7
Enter the number of seats in each row: 
> 8

1. Show the seats
2. Buy a ticket
0. Exit
> 1

Cinema: 
  1 2 3 4 5 6 7 8 
1 S S S S S S S S 
2 S S S S S S S S 
3 S S S S S S S S 
4 S S S S S S S S 
5 S S S S S S S S 
6 S S S S S S S S 
7 S S S S S S S S 

1. Show the seats
2. Buy a ticket
0. Exit
Enter the number of rows: 
> 2
Enter the number of seats in each row: 
> 2

1. Show the seats
2. Buy a ticket
0. Exit
> 1

Cinema: 
  1 2 
1 S S 
2 S S 

1. Show the seats
2. Buy a ticket
0. Exit
Enter the number of rows: 
> 9
Enter the number of seats in each row: 
> 9

1. Show the seats
2. Buy a ticket
0. Exit
> 1

Cinema: 
  1 2 3 4 5 6 7 8 9 
1 S S S S S S S S S 
2 S S S S S S S S S 
3 S S S S S S S S S 
4 S S S S S S S S S 
5 S S S S S S S S S 
6 S S S S S S S S S 
7 S S S S S S S S S 
8 S S S S S S S S S 
9 S S S S S S S S S 

1. Show the seats
2. Buy a ticket
0. Exit
> 0
?[1;31m
Start test 3?[0m
Enter the number of rows: 
> 7
Enter the number of seats in each row: 
> 8

1. Show the seats
2. Buy a ticket
0. Exit
> 2

Enter a row number: 
> 2
Enter a seat number in that row: 
> 4
Ticket price: $10

1. Show the seats
2. Buy a ticket
0. Exit
> 1

Cinema: 
  1 2 3 4 5 6 7 8 
1 S S S S S S S S 
2 S S S B S S S S 
3 S S S S S S S S 
4 S S S S S S S S 
5 S S S S S S S S 
6 S S S S S S S S 
7 S S S S S S S S 

1. Show the seats
2. Buy a ticket
0. Exit
> 2

Enter a row number: 
> 3
Enter a seat number in that row: 
> 5
Ticket price: $10

1. Show the seats
2. Buy a ticket
0. Exit
> 1

Cinema: 
  1 2 3 4 5 6 7 8 
1 S S S S S S S S 
2 S S S B S S S S 
3 S S S S B S S S 
4 S S S S S S S S 
5 S S S S S S S S 
6 S S S S S S S S 
7 S S S S S S S S 

1. Show the seats
2. Buy a ticket
0. Exit
?[1;31m
Start test 4?[0m
Enter the number of rows: 
> 9
Enter the number of seats in each row: 
> 9

1. Show the seats
2. Buy a ticket
0. Exit
> 2

Enter a row number: 
> 1
Enter a seat number in that row: 
> 1
Ticket price: $10

1. Show the seats
2. Buy a ticket
0. Exit
> 2

Enter a row number: 
> 4
Enter a seat number in that row: 
> 5
Ticket price: $10

1. Show the seats
2. Buy a ticket
0. Exit
> 1

Cinema: 
  1 2 3 4 5 6 7 8 9 
1 B S S S S S S S S 
2 S S S S S S S S S 
3 S S S S S S S S S 
4 S S S S B S S S S 
5 S S S S S S S S S 
6 S S S S S S S S S 
7 S S S S S S S S S 
8 S S S S S S S S S 
9 S S S S S S S S S 

1. Show the seats
2. Buy a ticket
0. Exit
> 2

Enter a row number: 
> 5
Enter a seat number in that row: 
> 5
Ticket price: $10

1. Show the seats
2. Buy a ticket
0. Exit
> 1

Cinema: 
  1 2 3 4 5 6 7 8 9 
1 B S S S S S S S S 
2 S S S S S S S S S 
3 S S S S S S S S S 
4 S S S S B S S S S 
5 S S S S B S S S S 
6 S S S S S S S S S 
7 S S S S S S S S S 
8 S S S S S S S S S 
9 S S S S S S S S S 

1. Show the seats
2. Buy a ticket
0. Exit
]]></system-out>
  <system-err><![CDATA[]]></system-err>
</testsuite>
